ERROR - 2023-10-01 02:07:03 --> Error connecting to the database: mysqli_sql_exception: No connection could be made because the target machine actively refused it in C:\laragon\www\lab3\system\Database\MySQLi\Connection.php:185
Stack trace:
#0 C:\laragon\www\lab3\system\Database\MySQLi\Connection.php(185): mysqli->real_connect('localhost', 'root', '', 'lab3', 3306, '', 0)
#1 C:\laragon\www\lab3\system\Database\BaseConnection.php(391): CodeIgniter\Database\MySQLi\Connection->connect(false)
#2 C:\laragon\www\lab3\system\Database\BaseConnection.php(574): CodeIgniter\Database\BaseConnection->initialize()
#3 C:\laragon\www\lab3\system\Database\BaseBuilder.php(1615): CodeIgniter\Database\BaseConnection->query('SELECT *\nFROM `...', Array, false)
#4 C:\laragon\www\lab3\system\Model.php(237): CodeIgniter\Database\BaseBuilder->get()
#5 C:\laragon\www\lab3\system\BaseModel.php(624): CodeIgniter\Model->doFindAll(0, 0)
#6 C:\laragon\www\lab3\app\Controllers\Home.php(15): CodeIgniter\BaseModel->findAll()
#7 C:\laragon\www\lab3\system\CodeIgniter.php(919): App\Controllers\Home->details()
#8 C:\laragon\www\lab3\system\CodeIgniter.php(494): CodeIgniter\CodeIgniter->runController(Object(App\Controllers\Home))
#9 C:\laragon\www\lab3\system\CodeIgniter.php(353): CodeIgniter\CodeIgniter->handleRequest(NULL, Object(Config\Cache), false)
#10 C:\laragon\www\lab3\public\index.php(79): CodeIgniter\CodeIgniter->run()
#11 C:\laragon\www\lab3\system\Commands\Server\rewrite.php(47): require_once('C:\\laragon\\www\\...')
#12 {main}

Next CodeIgniter\Database\Exceptions\DatabaseException: No connection could be made because the target machine actively refused it in C:\laragon\www\lab3\system\Database\MySQLi\Connection.php:229
Stack trace:
#0 C:\laragon\www\lab3\system\Database\BaseConnection.php(391): CodeIgniter\Database\MySQLi\Connection->connect(false)
#1 C:\laragon\www\lab3\system\Database\BaseConnection.php(574): CodeIgniter\Database\BaseConnection->initialize()
#2 C:\laragon\www\lab3\system\Database\BaseBuilder.php(1615): CodeIgniter\Database\BaseConnection->query('SELECT *\nFROM `...', Array, false)
#3 C:\laragon\www\lab3\system\Model.php(237): CodeIgniter\Database\BaseBuilder->get()
#4 C:\laragon\www\lab3\system\BaseModel.php(624): CodeIgniter\Model->doFindAll(0, 0)
#5 C:\laragon\www\lab3\app\Controllers\Home.php(15): CodeIgniter\BaseModel->findAll()
#6 C:\laragon\www\lab3\system\CodeIgniter.php(919): App\Controllers\Home->details()
#7 C:\laragon\www\lab3\system\CodeIgniter.php(494): CodeIgniter\CodeIgniter->runController(Object(App\Controllers\Home))
#8 C:\laragon\www\lab3\system\CodeIgniter.php(353): CodeIgniter\CodeIgniter->handleRequest(NULL, Object(Config\Cache), false)
#9 C:\laragon\www\lab3\public\index.php(79): CodeIgniter\CodeIgniter->run()
#10 C:\laragon\www\lab3\system\Commands\Server\rewrite.php(47): require_once('C:\\laragon\\www\\...')
#11 {main}
CRITICAL - 2023-10-01 02:07:03 --> Unable to connect to the database.
Main connection [MySQLi]: No connection could be made because the target machine actively refused it
in SYSTEMPATH\Database\BaseConnection.php on line 427.
 1 SYSTEMPATH\Database\BaseConnection.php(574): CodeIgniter\Database\BaseConnection->initialize()
 2 SYSTEMPATH\Database\BaseBuilder.php(1615): CodeIgniter\Database\BaseConnection->query('SELECT *
FROM `products_tbl`', [], false)
 3 SYSTEMPATH\Model.php(237): CodeIgniter\Database\BaseBuilder->get()
 4 SYSTEMPATH\BaseModel.php(624): CodeIgniter\Model->doFindAll(0, 0)
 5 APPPATH\Controllers\Home.php(15): CodeIgniter\BaseModel->findAll()
 6 SYSTEMPATH\CodeIgniter.php(919): App\Controllers\Home->details()
 7 SYSTEMPATH\CodeIgniter.php(494): CodeIgniter\CodeIgniter->runController(Object(App\Controllers\Home))
 8 SYSTEMPATH\CodeIgniter.php(353): CodeIgniter\CodeIgniter->handleRequest(null, Object(Config\Cache), false)
 9 FCPATH\index.php(79): CodeIgniter\CodeIgniter->run()
10 SYSTEMPATH\Commands\Server\rewrite.php(47): require_once('C:\\laragon\\www\\lab3\\public\\index.php')
CRITICAL - 2023-10-01 02:38:44 --> syntax error, unexpected token "endif"
in APPPATH\Views\details.php on line 68.
 1 SYSTEMPATH\View\View.php(229): CodeIgniter\View\View->CodeIgniter\View\{closure}()
 2 SYSTEMPATH\Common.php(1188): CodeIgniter\View\View->render('details', [], true)
 3 APPPATH\Controllers\Home.php(17): view('details', [...])
 4 SYSTEMPATH\CodeIgniter.php(919): App\Controllers\Home->details()
 5 SYSTEMPATH\CodeIgniter.php(494): CodeIgniter\CodeIgniter->runController(Object(App\Controllers\Home))
 6 SYSTEMPATH\CodeIgniter.php(353): CodeIgniter\CodeIgniter->handleRequest(null, Object(Config\Cache), false)
 7 FCPATH\index.php(79): CodeIgniter\CodeIgniter->run()
 8 SYSTEMPATH\Commands\Server\rewrite.php(47): require_once('C:\\laragon\\www\\lab3\\public\\index.php')
CRITICAL - 2023-10-01 02:39:05 --> syntax error, unexpected token "endif"
in APPPATH\Views\details.php on line 68.
 1 SYSTEMPATH\View\View.php(229): CodeIgniter\View\View->CodeIgniter\View\{closure}()
 2 SYSTEMPATH\Common.php(1188): CodeIgniter\View\View->render('details', [], true)
 3 APPPATH\Controllers\Home.php(17): view('details', [...])
 4 SYSTEMPATH\CodeIgniter.php(919): App\Controllers\Home->details()
 5 SYSTEMPATH\CodeIgniter.php(494): CodeIgniter\CodeIgniter->runController(Object(App\Controllers\Home))
 6 SYSTEMPATH\CodeIgniter.php(353): CodeIgniter\CodeIgniter->handleRequest(null, Object(Config\Cache), false)
 7 FCPATH\index.php(79): CodeIgniter\CodeIgniter->run()
 8 SYSTEMPATH\Commands\Server\rewrite.php(47): require_once('C:\\laragon\\www\\lab3\\public\\index.php')
CRITICAL - 2023-10-01 02:39:34 --> syntax error, unexpected token "endif"
in APPPATH\Views\details.php on line 67.
 1 SYSTEMPATH\View\View.php(229): CodeIgniter\View\View->CodeIgniter\View\{closure}()
 2 SYSTEMPATH\Common.php(1188): CodeIgniter\View\View->render('details', [], true)
 3 APPPATH\Controllers\Home.php(17): view('details', [...])
 4 SYSTEMPATH\CodeIgniter.php(919): App\Controllers\Home->details()
 5 SYSTEMPATH\CodeIgniter.php(494): CodeIgniter\CodeIgniter->runController(Object(App\Controllers\Home))
 6 SYSTEMPATH\CodeIgniter.php(353): CodeIgniter\CodeIgniter->handleRequest(null, Object(Config\Cache), false)
 7 FCPATH\index.php(79): CodeIgniter\CodeIgniter->run()
 8 SYSTEMPATH\Commands\Server\rewrite.php(47): require_once('C:\\laragon\\www\\lab3\\public\\index.php')
CRITICAL - 2023-10-01 02:40:00 --> syntax error, unexpected token "endif"
in APPPATH\Views\details.php on line 67.
 1 SYSTEMPATH\View\View.php(229): CodeIgniter\View\View->CodeIgniter\View\{closure}()
 2 SYSTEMPATH\Common.php(1188): CodeIgniter\View\View->render('details', [], true)
 3 APPPATH\Controllers\Home.php(17): view('details', [...])
 4 SYSTEMPATH\CodeIgniter.php(919): App\Controllers\Home->details()
 5 SYSTEMPATH\CodeIgniter.php(494): CodeIgniter\CodeIgniter->runController(Object(App\Controllers\Home))
 6 SYSTEMPATH\CodeIgniter.php(353): CodeIgniter\CodeIgniter->handleRequest(null, Object(Config\Cache), false)
 7 FCPATH\index.php(79): CodeIgniter\CodeIgniter->run()
 8 SYSTEMPATH\Commands\Server\rewrite.php(47): require_once('C:\\laragon\\www\\lab3\\public\\index.php')
CRITICAL - 2023-10-01 02:40:05 --> syntax error, unexpected token "endif"
in APPPATH\Views\details.php on line 67.
 1 SYSTEMPATH\View\View.php(229): CodeIgniter\View\View->CodeIgniter\View\{closure}()
 2 SYSTEMPATH\Common.php(1188): CodeIgniter\View\View->render('details', [], true)
 3 APPPATH\Controllers\Home.php(17): view('details', [...])
 4 SYSTEMPATH\CodeIgniter.php(919): App\Controllers\Home->details()
 5 SYSTEMPATH\CodeIgniter.php(494): CodeIgniter\CodeIgniter->runController(Object(App\Controllers\Home))
 6 SYSTEMPATH\CodeIgniter.php(353): CodeIgniter\CodeIgniter->handleRequest(null, Object(Config\Cache), false)
 7 FCPATH\index.php(79): CodeIgniter\CodeIgniter->run()
 8 SYSTEMPATH\Commands\Server\rewrite.php(47): require_once('C:\\laragon\\www\\lab3\\public\\index.php')
CRITICAL - 2023-10-01 03:03:15 --> syntax error, unexpected token "endif"
in APPPATH\Views\details.php on line 68.
 1 SYSTEMPATH\View\View.php(229): CodeIgniter\View\View->CodeIgniter\View\{closure}()
 2 SYSTEMPATH\Common.php(1188): CodeIgniter\View\View->render('details', [], true)
 3 APPPATH\Controllers\Home.php(17): view('details', [...])
 4 SYSTEMPATH\CodeIgniter.php(919): App\Controllers\Home->details()
 5 SYSTEMPATH\CodeIgniter.php(494): CodeIgniter\CodeIgniter->runController(Object(App\Controllers\Home))
 6 SYSTEMPATH\CodeIgniter.php(353): CodeIgniter\CodeIgniter->handleRequest(null, Object(Config\Cache), false)
 7 FCPATH\index.php(79): CodeIgniter\CodeIgniter->run()
 8 SYSTEMPATH\Commands\Server\rewrite.php(47): require_once('C:\\laragon\\www\\lab3\\public\\index.php')
CRITICAL - 2023-10-01 03:08:10 --> foreach() argument must be of type array|object, string given
in APPPATH\Views\details.php on line 56.
 1 APPPATH\Views\details.php(56): CodeIgniter\Debug\Exceptions->errorHandler(2, 'foreach() argument must be of type array|object, string given', 'C:\\laragon\\www\\lab3\\app\\Views\\details.php', 56)
 2 SYSTEMPATH\View\View.php(226): include('C:\\laragon\\www\\lab3\\app\\Views\\details.php')
 3 SYSTEMPATH\View\View.php(229): CodeIgniter\View\View->CodeIgniter\View\{closure}()
 4 SYSTEMPATH\Common.php(1188): CodeIgniter\View\View->render('details', [], true)
 5 APPPATH\Controllers\Home.php(17): view('details', [...])
 6 SYSTEMPATH\CodeIgniter.php(919): App\Controllers\Home->details()
 7 SYSTEMPATH\CodeIgniter.php(494): CodeIgniter\CodeIgniter->runController(Object(App\Controllers\Home))
 8 SYSTEMPATH\CodeIgniter.php(353): CodeIgniter\CodeIgniter->handleRequest(null, Object(Config\Cache), false)
 9 FCPATH\index.php(79): CodeIgniter\CodeIgniter->run()
10 SYSTEMPATH\Commands\Server\rewrite.php(47): require_once('C:\\laragon\\www\\lab3\\public\\index.php')
CRITICAL - 2023-10-01 03:17:28 --> foreach() argument must be of type array|object, string given
in APPPATH\Views\details.php on line 56.
 1 APPPATH\Views\details.php(56): CodeIgniter\Debug\Exceptions->errorHandler(2, 'foreach() argument must be of type array|object, string given', 'C:\\laragon\\www\\lab3\\app\\Views\\details.php', 56)
 2 SYSTEMPATH\View\View.php(226): include('C:\\laragon\\www\\lab3\\app\\Views\\details.php')
 3 SYSTEMPATH\View\View.php(229): CodeIgniter\View\View->CodeIgniter\View\{closure}()
 4 SYSTEMPATH\Common.php(1188): CodeIgniter\View\View->render('details', [], true)
 5 APPPATH\Controllers\Home.php(17): view('details', [...])
 6 SYSTEMPATH\CodeIgniter.php(919): App\Controllers\Home->details()
 7 SYSTEMPATH\CodeIgniter.php(494): CodeIgniter\CodeIgniter->runController(Object(App\Controllers\Home))
 8 SYSTEMPATH\CodeIgniter.php(353): CodeIgniter\CodeIgniter->handleRequest(null, Object(Config\Cache), false)
 9 FCPATH\index.php(79): CodeIgniter\CodeIgniter->run()
10 SYSTEMPATH\Commands\Server\rewrite.php(47): require_once('C:\\laragon\\www\\lab3\\public\\index.php')
CRITICAL - 2023-10-01 03:17:51 --> foreach() argument must be of type array|object, string given
in APPPATH\Views\details.php on line 56.
 1 APPPATH\Views\details.php(56): CodeIgniter\Debug\Exceptions->errorHandler(2, 'foreach() argument must be of type array|object, string given', 'C:\\laragon\\www\\lab3\\app\\Views\\details.php', 56)
 2 SYSTEMPATH\View\View.php(226): include('C:\\laragon\\www\\lab3\\app\\Views\\details.php')
 3 SYSTEMPATH\View\View.php(229): CodeIgniter\View\View->CodeIgniter\View\{closure}()
 4 SYSTEMPATH\Common.php(1188): CodeIgniter\View\View->render('details', [], true)
 5 APPPATH\Controllers\Home.php(17): view('details', [...])
 6 SYSTEMPATH\CodeIgniter.php(919): App\Controllers\Home->details()
 7 SYSTEMPATH\CodeIgniter.php(494): CodeIgniter\CodeIgniter->runController(Object(App\Controllers\Home))
 8 SYSTEMPATH\CodeIgniter.php(353): CodeIgniter\CodeIgniter->handleRequest(null, Object(Config\Cache), false)
 9 FCPATH\index.php(79): CodeIgniter\CodeIgniter->run()
10 SYSTEMPATH\Commands\Server\rewrite.php(47): require_once('C:\\laragon\\www\\lab3\\public\\index.php')
CRITICAL - 2023-10-01 03:17:57 --> foreach() argument must be of type array|object, string given
in APPPATH\Views\details.php on line 56.
 1 APPPATH\Views\details.php(56): CodeIgniter\Debug\Exceptions->errorHandler(2, 'foreach() argument must be of type array|object, string given', 'C:\\laragon\\www\\lab3\\app\\Views\\details.php', 56)
 2 SYSTEMPATH\View\View.php(226): include('C:\\laragon\\www\\lab3\\app\\Views\\details.php')
 3 SYSTEMPATH\View\View.php(229): CodeIgniter\View\View->CodeIgniter\View\{closure}()
 4 SYSTEMPATH\Common.php(1188): CodeIgniter\View\View->render('details', [], true)
 5 APPPATH\Controllers\Home.php(17): view('details', [...])
 6 SYSTEMPATH\CodeIgniter.php(919): App\Controllers\Home->details()
 7 SYSTEMPATH\CodeIgniter.php(494): CodeIgniter\CodeIgniter->runController(Object(App\Controllers\Home))
 8 SYSTEMPATH\CodeIgniter.php(353): CodeIgniter\CodeIgniter->handleRequest(null, Object(Config\Cache), false)
 9 FCPATH\index.php(79): CodeIgniter\CodeIgniter->run()
10 SYSTEMPATH\Commands\Server\rewrite.php(47): require_once('C:\\laragon\\www\\lab3\\public\\index.php')
CRITICAL - 2023-10-01 03:18:26 --> foreach() argument must be of type array|object, string given
in APPPATH\Views\details.php on line 56.
 1 APPPATH\Views\details.php(56): CodeIgniter\Debug\Exceptions->errorHandler(2, 'foreach() argument must be of type array|object, string given', 'C:\\laragon\\www\\lab3\\app\\Views\\details.php', 56)
 2 SYSTEMPATH\View\View.php(226): include('C:\\laragon\\www\\lab3\\app\\Views\\details.php')
 3 SYSTEMPATH\View\View.php(229): CodeIgniter\View\View->CodeIgniter\View\{closure}()
 4 SYSTEMPATH\Common.php(1188): CodeIgniter\View\View->render('details', [], true)
 5 APPPATH\Controllers\Home.php(17): view('details', [...])
 6 SYSTEMPATH\CodeIgniter.php(919): App\Controllers\Home->details()
 7 SYSTEMPATH\CodeIgniter.php(494): CodeIgniter\CodeIgniter->runController(Object(App\Controllers\Home))
 8 SYSTEMPATH\CodeIgniter.php(353): CodeIgniter\CodeIgniter->handleRequest(null, Object(Config\Cache), false)
 9 FCPATH\index.php(79): CodeIgniter\CodeIgniter->run()
10 SYSTEMPATH\Commands\Server\rewrite.php(47): require_once('C:\\laragon\\www\\lab3\\public\\index.php')
CRITICAL - 2023-10-01 03:18:28 --> foreach() argument must be of type array|object, string given
in APPPATH\Views\details.php on line 56.
 1 APPPATH\Views\details.php(56): CodeIgniter\Debug\Exceptions->errorHandler(2, 'foreach() argument must be of type array|object, string given', 'C:\\laragon\\www\\lab3\\app\\Views\\details.php', 56)
 2 SYSTEMPATH\View\View.php(226): include('C:\\laragon\\www\\lab3\\app\\Views\\details.php')
 3 SYSTEMPATH\View\View.php(229): CodeIgniter\View\View->CodeIgniter\View\{closure}()
 4 SYSTEMPATH\Common.php(1188): CodeIgniter\View\View->render('details', [], true)
 5 APPPATH\Controllers\Home.php(17): view('details', [...])
 6 SYSTEMPATH\CodeIgniter.php(919): App\Controllers\Home->details()
 7 SYSTEMPATH\CodeIgniter.php(494): CodeIgniter\CodeIgniter->runController(Object(App\Controllers\Home))
 8 SYSTEMPATH\CodeIgniter.php(353): CodeIgniter\CodeIgniter->handleRequest(null, Object(Config\Cache), false)
 9 FCPATH\index.php(79): CodeIgniter\CodeIgniter->run()
10 SYSTEMPATH\Commands\Server\rewrite.php(47): require_once('C:\\laragon\\www\\lab3\\public\\index.php')
CRITICAL - 2023-10-01 03:18:36 --> foreach() argument must be of type array|object, string given
in APPPATH\Views\details.php on line 56.
 1 APPPATH\Views\details.php(56): CodeIgniter\Debug\Exceptions->errorHandler(2, 'foreach() argument must be of type array|object, string given', 'C:\\laragon\\www\\lab3\\app\\Views\\details.php', 56)
 2 SYSTEMPATH\View\View.php(226): include('C:\\laragon\\www\\lab3\\app\\Views\\details.php')
 3 SYSTEMPATH\View\View.php(229): CodeIgniter\View\View->CodeIgniter\View\{closure}()
 4 SYSTEMPATH\Common.php(1188): CodeIgniter\View\View->render('details', [], true)
 5 APPPATH\Controllers\Home.php(17): view('details', [...])
 6 SYSTEMPATH\CodeIgniter.php(919): App\Controllers\Home->details()
 7 SYSTEMPATH\CodeIgniter.php(494): CodeIgniter\CodeIgniter->runController(Object(App\Controllers\Home))
 8 SYSTEMPATH\CodeIgniter.php(353): CodeIgniter\CodeIgniter->handleRequest(null, Object(Config\Cache), false)
 9 FCPATH\index.php(79): CodeIgniter\CodeIgniter->run()
10 SYSTEMPATH\Commands\Server\rewrite.php(47): require_once('C:\\laragon\\www\\lab3\\public\\index.php')
CRITICAL - 2023-10-01 03:18:50 --> foreach() argument must be of type array|object, string given
in APPPATH\Views\details.php on line 56.
 1 APPPATH\Views\details.php(56): CodeIgniter\Debug\Exceptions->errorHandler(2, 'foreach() argument must be of type array|object, string given', 'C:\\laragon\\www\\lab3\\app\\Views\\details.php', 56)
 2 SYSTEMPATH\View\View.php(226): include('C:\\laragon\\www\\lab3\\app\\Views\\details.php')
 3 SYSTEMPATH\View\View.php(229): CodeIgniter\View\View->CodeIgniter\View\{closure}()
 4 SYSTEMPATH\Common.php(1188): CodeIgniter\View\View->render('details', [], true)
 5 APPPATH\Controllers\Home.php(17): view('details', [...])
 6 SYSTEMPATH\CodeIgniter.php(919): App\Controllers\Home->details()
 7 SYSTEMPATH\CodeIgniter.php(494): CodeIgniter\CodeIgniter->runController(Object(App\Controllers\Home))
 8 SYSTEMPATH\CodeIgniter.php(353): CodeIgniter\CodeIgniter->handleRequest(null, Object(Config\Cache), false)
 9 FCPATH\index.php(79): CodeIgniter\CodeIgniter->run()
10 SYSTEMPATH\Commands\Server\rewrite.php(47): require_once('C:\\laragon\\www\\lab3\\public\\index.php')
CRITICAL - 2023-10-01 03:20:10 --> Array callback must have exactly two elements
in APPPATH\Views\details.php on line 56.
 1 SYSTEMPATH\View\View.php(226): include()
 2 SYSTEMPATH\View\View.php(229): CodeIgniter\View\View->CodeIgniter\View\{closure}()
 3 SYSTEMPATH\Common.php(1188): CodeIgniter\View\View->render('details', [], true)
 4 APPPATH\Controllers\Home.php(17): view('details', [...])
 5 SYSTEMPATH\CodeIgniter.php(919): App\Controllers\Home->details()
 6 SYSTEMPATH\CodeIgniter.php(494): CodeIgniter\CodeIgniter->runController(Object(App\Controllers\Home))
 7 SYSTEMPATH\CodeIgniter.php(353): CodeIgniter\CodeIgniter->handleRequest(null, Object(Config\Cache), false)
 8 FCPATH\index.php(79): CodeIgniter\CodeIgniter->run()
 9 SYSTEMPATH\Commands\Server\rewrite.php(47): require_once('C:\\laragon\\www\\lab3\\public\\index.php')
CRITICAL - 2023-10-01 03:20:11 --> Array callback must have exactly two elements
in APPPATH\Views\details.php on line 56.
 1 SYSTEMPATH\View\View.php(226): include()
 2 SYSTEMPATH\View\View.php(229): CodeIgniter\View\View->CodeIgniter\View\{closure}()
 3 SYSTEMPATH\Common.php(1188): CodeIgniter\View\View->render('details', [], true)
 4 APPPATH\Controllers\Home.php(17): view('details', [...])
 5 SYSTEMPATH\CodeIgniter.php(919): App\Controllers\Home->details()
 6 SYSTEMPATH\CodeIgniter.php(494): CodeIgniter\CodeIgniter->runController(Object(App\Controllers\Home))
 7 SYSTEMPATH\CodeIgniter.php(353): CodeIgniter\CodeIgniter->handleRequest(null, Object(Config\Cache), false)
 8 FCPATH\index.php(79): CodeIgniter\CodeIgniter->run()
 9 SYSTEMPATH\Commands\Server\rewrite.php(47): require_once('C:\\laragon\\www\\lab3\\public\\index.php')
CRITICAL - 2023-10-01 03:20:12 --> Array callback must have exactly two elements
in APPPATH\Views\details.php on line 56.
 1 SYSTEMPATH\View\View.php(226): include()
 2 SYSTEMPATH\View\View.php(229): CodeIgniter\View\View->CodeIgniter\View\{closure}()
 3 SYSTEMPATH\Common.php(1188): CodeIgniter\View\View->render('details', [], true)
 4 APPPATH\Controllers\Home.php(17): view('details', [...])
 5 SYSTEMPATH\CodeIgniter.php(919): App\Controllers\Home->details()
 6 SYSTEMPATH\CodeIgniter.php(494): CodeIgniter\CodeIgniter->runController(Object(App\Controllers\Home))
 7 SYSTEMPATH\CodeIgniter.php(353): CodeIgniter\CodeIgniter->handleRequest(null, Object(Config\Cache), false)
 8 FCPATH\index.php(79): CodeIgniter\CodeIgniter->run()
 9 SYSTEMPATH\Commands\Server\rewrite.php(47): require_once('C:\\laragon\\www\\lab3\\public\\index.php')
CRITICAL - 2023-10-01 03:20:12 --> Array callback must have exactly two elements
in APPPATH\Views\details.php on line 56.
 1 SYSTEMPATH\View\View.php(226): include()
 2 SYSTEMPATH\View\View.php(229): CodeIgniter\View\View->CodeIgniter\View\{closure}()
 3 SYSTEMPATH\Common.php(1188): CodeIgniter\View\View->render('details', [], true)
 4 APPPATH\Controllers\Home.php(17): view('details', [...])
 5 SYSTEMPATH\CodeIgniter.php(919): App\Controllers\Home->details()
 6 SYSTEMPATH\CodeIgniter.php(494): CodeIgniter\CodeIgniter->runController(Object(App\Controllers\Home))
 7 SYSTEMPATH\CodeIgniter.php(353): CodeIgniter\CodeIgniter->handleRequest(null, Object(Config\Cache), false)
 8 FCPATH\index.php(79): CodeIgniter\CodeIgniter->run()
 9 SYSTEMPATH\Commands\Server\rewrite.php(47): require_once('C:\\laragon\\www\\lab3\\public\\index.php')
CRITICAL - 2023-10-01 03:20:13 --> Array callback must have exactly two elements
in APPPATH\Views\details.php on line 56.
 1 SYSTEMPATH\View\View.php(226): include()
 2 SYSTEMPATH\View\View.php(229): CodeIgniter\View\View->CodeIgniter\View\{closure}()
 3 SYSTEMPATH\Common.php(1188): CodeIgniter\View\View->render('details', [], true)
 4 APPPATH\Controllers\Home.php(17): view('details', [...])
 5 SYSTEMPATH\CodeIgniter.php(919): App\Controllers\Home->details()
 6 SYSTEMPATH\CodeIgniter.php(494): CodeIgniter\CodeIgniter->runController(Object(App\Controllers\Home))
 7 SYSTEMPATH\CodeIgniter.php(353): CodeIgniter\CodeIgniter->handleRequest(null, Object(Config\Cache), false)
 8 FCPATH\index.php(79): CodeIgniter\CodeIgniter->run()
 9 SYSTEMPATH\Commands\Server\rewrite.php(47): require_once('C:\\laragon\\www\\lab3\\public\\index.php')
CRITICAL - 2023-10-01 03:20:13 --> Array callback must have exactly two elements
in APPPATH\Views\details.php on line 56.
 1 SYSTEMPATH\View\View.php(226): include()
 2 SYSTEMPATH\View\View.php(229): CodeIgniter\View\View->CodeIgniter\View\{closure}()
 3 SYSTEMPATH\Common.php(1188): CodeIgniter\View\View->render('details', [], true)
 4 APPPATH\Controllers\Home.php(17): view('details', [...])
 5 SYSTEMPATH\CodeIgniter.php(919): App\Controllers\Home->details()
 6 SYSTEMPATH\CodeIgniter.php(494): CodeIgniter\CodeIgniter->runController(Object(App\Controllers\Home))
 7 SYSTEMPATH\CodeIgniter.php(353): CodeIgniter\CodeIgniter->handleRequest(null, Object(Config\Cache), false)
 8 FCPATH\index.php(79): CodeIgniter\CodeIgniter->run()
 9 SYSTEMPATH\Commands\Server\rewrite.php(47): require_once('C:\\laragon\\www\\lab3\\public\\index.php')
CRITICAL - 2023-10-01 03:20:13 --> Array callback must have exactly two elements
in APPPATH\Views\details.php on line 56.
 1 SYSTEMPATH\View\View.php(226): include()
 2 SYSTEMPATH\View\View.php(229): CodeIgniter\View\View->CodeIgniter\View\{closure}()
 3 SYSTEMPATH\Common.php(1188): CodeIgniter\View\View->render('details', [], true)
 4 APPPATH\Controllers\Home.php(17): view('details', [...])
 5 SYSTEMPATH\CodeIgniter.php(919): App\Controllers\Home->details()
 6 SYSTEMPATH\CodeIgniter.php(494): CodeIgniter\CodeIgniter->runController(Object(App\Controllers\Home))
 7 SYSTEMPATH\CodeIgniter.php(353): CodeIgniter\CodeIgniter->handleRequest(null, Object(Config\Cache), false)
 8 FCPATH\index.php(79): CodeIgniter\CodeIgniter->run()
 9 SYSTEMPATH\Commands\Server\rewrite.php(47): require_once('C:\\laragon\\www\\lab3\\public\\index.php')
CRITICAL - 2023-10-01 03:20:22 --> Array callback must have exactly two elements
in APPPATH\Views\details.php on line 56.
 1 SYSTEMPATH\View\View.php(226): include()
 2 SYSTEMPATH\View\View.php(229): CodeIgniter\View\View->CodeIgniter\View\{closure}()
 3 SYSTEMPATH\Common.php(1188): CodeIgniter\View\View->render('details', [], true)
 4 APPPATH\Controllers\Home.php(17): view('details', [...])
 5 SYSTEMPATH\CodeIgniter.php(919): App\Controllers\Home->details()
 6 SYSTEMPATH\CodeIgniter.php(494): CodeIgniter\CodeIgniter->runController(Object(App\Controllers\Home))
 7 SYSTEMPATH\CodeIgniter.php(353): CodeIgniter\CodeIgniter->handleRequest(null, Object(Config\Cache), false)
 8 FCPATH\index.php(79): CodeIgniter\CodeIgniter->run()
 9 SYSTEMPATH\Commands\Server\rewrite.php(47): require_once('C:\\laragon\\www\\lab3\\public\\index.php')
CRITICAL - 2023-10-01 03:20:33 --> Array callback must have exactly two elements
in APPPATH\Views\details.php on line 56.
 1 SYSTEMPATH\View\View.php(226): include()
 2 SYSTEMPATH\View\View.php(229): CodeIgniter\View\View->CodeIgniter\View\{closure}()
 3 SYSTEMPATH\Common.php(1188): CodeIgniter\View\View->render('details', [], true)
 4 APPPATH\Controllers\Home.php(17): view('details', [...])
 5 SYSTEMPATH\CodeIgniter.php(919): App\Controllers\Home->details()
 6 SYSTEMPATH\CodeIgniter.php(494): CodeIgniter\CodeIgniter->runController(Object(App\Controllers\Home))
 7 SYSTEMPATH\CodeIgniter.php(353): CodeIgniter\CodeIgniter->handleRequest(null, Object(Config\Cache), false)
 8 FCPATH\index.php(79): CodeIgniter\CodeIgniter->run()
 9 SYSTEMPATH\Commands\Server\rewrite.php(47): require_once('C:\\laragon\\www\\lab3\\public\\index.php')
CRITICAL - 2023-10-01 03:20:48 --> Array callback must have exactly two elements
in APPPATH\Views\details.php on line 56.
 1 SYSTEMPATH\View\View.php(226): include()
 2 SYSTEMPATH\View\View.php(229): CodeIgniter\View\View->CodeIgniter\View\{closure}()
 3 SYSTEMPATH\Common.php(1188): CodeIgniter\View\View->render('details', [], true)
 4 APPPATH\Controllers\Home.php(17): view('details', [...])
 5 SYSTEMPATH\CodeIgniter.php(919): App\Controllers\Home->details()
 6 SYSTEMPATH\CodeIgniter.php(494): CodeIgniter\CodeIgniter->runController(Object(App\Controllers\Home))
 7 SYSTEMPATH\CodeIgniter.php(353): CodeIgniter\CodeIgniter->handleRequest(null, Object(Config\Cache), false)
 8 FCPATH\index.php(79): CodeIgniter\CodeIgniter->run()
 9 SYSTEMPATH\Commands\Server\rewrite.php(47): require_once('C:\\laragon\\www\\lab3\\public\\index.php')
CRITICAL - 2023-10-01 03:21:18 --> Array callback must have exactly two elements
in APPPATH\Views\details.php on line 56.
 1 SYSTEMPATH\View\View.php(226): include()
 2 SYSTEMPATH\View\View.php(229): CodeIgniter\View\View->CodeIgniter\View\{closure}()
 3 SYSTEMPATH\Common.php(1188): CodeIgniter\View\View->render('details', [], true)
 4 APPPATH\Controllers\Home.php(17): view('details', [...])
 5 SYSTEMPATH\CodeIgniter.php(919): App\Controllers\Home->details()
 6 SYSTEMPATH\CodeIgniter.php(494): CodeIgniter\CodeIgniter->runController(Object(App\Controllers\Home))
 7 SYSTEMPATH\CodeIgniter.php(353): CodeIgniter\CodeIgniter->handleRequest(null, Object(Config\Cache), false)
 8 FCPATH\index.php(79): CodeIgniter\CodeIgniter->run()
 9 SYSTEMPATH\Commands\Server\rewrite.php(47): require_once('C:\\laragon\\www\\lab3\\public\\index.php')
CRITICAL - 2023-10-01 03:22:48 --> foreach() argument must be of type array|object, string given
in APPPATH\Views\details.php on line 56.
 1 APPPATH\Views\details.php(56): CodeIgniter\Debug\Exceptions->errorHandler(2, 'foreach() argument must be of type array|object, string given', 'C:\\laragon\\www\\lab3\\app\\Views\\details.php', 56)
 2 SYSTEMPATH\View\View.php(226): include('C:\\laragon\\www\\lab3\\app\\Views\\details.php')
 3 SYSTEMPATH\View\View.php(229): CodeIgniter\View\View->CodeIgniter\View\{closure}()
 4 SYSTEMPATH\Common.php(1188): CodeIgniter\View\View->render('details', [], true)
 5 APPPATH\Controllers\Home.php(17): view('details', [...])
 6 SYSTEMPATH\CodeIgniter.php(919): App\Controllers\Home->details()
 7 SYSTEMPATH\CodeIgniter.php(494): CodeIgniter\CodeIgniter->runController(Object(App\Controllers\Home))
 8 SYSTEMPATH\CodeIgniter.php(353): CodeIgniter\CodeIgniter->handleRequest(null, Object(Config\Cache), false)
 9 FCPATH\index.php(79): CodeIgniter\CodeIgniter->run()
10 SYSTEMPATH\Commands\Server\rewrite.php(47): require_once('C:\\laragon\\www\\lab3\\public\\index.php')
CRITICAL - 2023-10-01 03:26:07 --> foreach() argument must be of type array|object, string given
in APPPATH\Views\details.php on line 56.
 1 APPPATH\Views\details.php(56): CodeIgniter\Debug\Exceptions->errorHandler(2, 'foreach() argument must be of type array|object, string given', 'C:\\laragon\\www\\lab3\\app\\Views\\details.php', 56)
 2 SYSTEMPATH\View\View.php(226): include('C:\\laragon\\www\\lab3\\app\\Views\\details.php')
 3 SYSTEMPATH\View\View.php(229): CodeIgniter\View\View->CodeIgniter\View\{closure}()
 4 SYSTEMPATH\Common.php(1188): CodeIgniter\View\View->render('details', [], true)
 5 APPPATH\Controllers\Home.php(17): view('details', [...])
 6 SYSTEMPATH\CodeIgniter.php(919): App\Controllers\Home->details()
 7 SYSTEMPATH\CodeIgniter.php(494): CodeIgniter\CodeIgniter->runController(Object(App\Controllers\Home))
 8 SYSTEMPATH\CodeIgniter.php(353): CodeIgniter\CodeIgniter->handleRequest(null, Object(Config\Cache), false)
 9 FCPATH\index.php(79): CodeIgniter\CodeIgniter->run()
10 SYSTEMPATH\Commands\Server\rewrite.php(47): require_once('C:\\laragon\\www\\lab3\\public\\index.php')
CRITICAL - 2023-10-01 03:26:08 --> foreach() argument must be of type array|object, string given
in APPPATH\Views\details.php on line 56.
 1 APPPATH\Views\details.php(56): CodeIgniter\Debug\Exceptions->errorHandler(2, 'foreach() argument must be of type array|object, string given', 'C:\\laragon\\www\\lab3\\app\\Views\\details.php', 56)
 2 SYSTEMPATH\View\View.php(226): include('C:\\laragon\\www\\lab3\\app\\Views\\details.php')
 3 SYSTEMPATH\View\View.php(229): CodeIgniter\View\View->CodeIgniter\View\{closure}()
 4 SYSTEMPATH\Common.php(1188): CodeIgniter\View\View->render('details', [], true)
 5 APPPATH\Controllers\Home.php(17): view('details', [...])
 6 SYSTEMPATH\CodeIgniter.php(919): App\Controllers\Home->details()
 7 SYSTEMPATH\CodeIgniter.php(494): CodeIgniter\CodeIgniter->runController(Object(App\Controllers\Home))
 8 SYSTEMPATH\CodeIgniter.php(353): CodeIgniter\CodeIgniter->handleRequest(null, Object(Config\Cache), false)
 9 FCPATH\index.php(79): CodeIgniter\CodeIgniter->run()
10 SYSTEMPATH\Commands\Server\rewrite.php(47): require_once('C:\\laragon\\www\\lab3\\public\\index.php')
CRITICAL - 2023-10-01 03:26:08 --> foreach() argument must be of type array|object, string given
in APPPATH\Views\details.php on line 56.
 1 APPPATH\Views\details.php(56): CodeIgniter\Debug\Exceptions->errorHandler(2, 'foreach() argument must be of type array|object, string given', 'C:\\laragon\\www\\lab3\\app\\Views\\details.php', 56)
 2 SYSTEMPATH\View\View.php(226): include('C:\\laragon\\www\\lab3\\app\\Views\\details.php')
 3 SYSTEMPATH\View\View.php(229): CodeIgniter\View\View->CodeIgniter\View\{closure}()
 4 SYSTEMPATH\Common.php(1188): CodeIgniter\View\View->render('details', [], true)
 5 APPPATH\Controllers\Home.php(17): view('details', [...])
 6 SYSTEMPATH\CodeIgniter.php(919): App\Controllers\Home->details()
 7 SYSTEMPATH\CodeIgniter.php(494): CodeIgniter\CodeIgniter->runController(Object(App\Controllers\Home))
 8 SYSTEMPATH\CodeIgniter.php(353): CodeIgniter\CodeIgniter->handleRequest(null, Object(Config\Cache), false)
 9 FCPATH\index.php(79): CodeIgniter\CodeIgniter->run()
10 SYSTEMPATH\Commands\Server\rewrite.php(47): require_once('C:\\laragon\\www\\lab3\\public\\index.php')
CRITICAL - 2023-10-01 03:26:08 --> foreach() argument must be of type array|object, string given
in APPPATH\Views\details.php on line 56.
 1 APPPATH\Views\details.php(56): CodeIgniter\Debug\Exceptions->errorHandler(2, 'foreach() argument must be of type array|object, string given', 'C:\\laragon\\www\\lab3\\app\\Views\\details.php', 56)
 2 SYSTEMPATH\View\View.php(226): include('C:\\laragon\\www\\lab3\\app\\Views\\details.php')
 3 SYSTEMPATH\View\View.php(229): CodeIgniter\View\View->CodeIgniter\View\{closure}()
 4 SYSTEMPATH\Common.php(1188): CodeIgniter\View\View->render('details', [], true)
 5 APPPATH\Controllers\Home.php(17): view('details', [...])
 6 SYSTEMPATH\CodeIgniter.php(919): App\Controllers\Home->details()
 7 SYSTEMPATH\CodeIgniter.php(494): CodeIgniter\CodeIgniter->runController(Object(App\Controllers\Home))
 8 SYSTEMPATH\CodeIgniter.php(353): CodeIgniter\CodeIgniter->handleRequest(null, Object(Config\Cache), false)
 9 FCPATH\index.php(79): CodeIgniter\CodeIgniter->run()
10 SYSTEMPATH\Commands\Server\rewrite.php(47): require_once('C:\\laragon\\www\\lab3\\public\\index.php')
CRITICAL - 2023-10-01 03:26:09 --> foreach() argument must be of type array|object, string given
in APPPATH\Views\details.php on line 56.
 1 APPPATH\Views\details.php(56): CodeIgniter\Debug\Exceptions->errorHandler(2, 'foreach() argument must be of type array|object, string given', 'C:\\laragon\\www\\lab3\\app\\Views\\details.php', 56)
 2 SYSTEMPATH\View\View.php(226): include('C:\\laragon\\www\\lab3\\app\\Views\\details.php')
 3 SYSTEMPATH\View\View.php(229): CodeIgniter\View\View->CodeIgniter\View\{closure}()
 4 SYSTEMPATH\Common.php(1188): CodeIgniter\View\View->render('details', [], true)
 5 APPPATH\Controllers\Home.php(17): view('details', [...])
 6 SYSTEMPATH\CodeIgniter.php(919): App\Controllers\Home->details()
 7 SYSTEMPATH\CodeIgniter.php(494): CodeIgniter\CodeIgniter->runController(Object(App\Controllers\Home))
 8 SYSTEMPATH\CodeIgniter.php(353): CodeIgniter\CodeIgniter->handleRequest(null, Object(Config\Cache), false)
 9 FCPATH\index.php(79): CodeIgniter\CodeIgniter->run()
10 SYSTEMPATH\Commands\Server\rewrite.php(47): require_once('C:\\laragon\\www\\lab3\\public\\index.php')
CRITICAL - 2023-10-01 03:26:58 --> foreach() argument must be of type array|object, string given
in APPPATH\Views\details.php on line 56.
 1 APPPATH\Views\details.php(56): CodeIgniter\Debug\Exceptions->errorHandler(2, 'foreach() argument must be of type array|object, string given', 'C:\\laragon\\www\\lab3\\app\\Views\\details.php', 56)
 2 SYSTEMPATH\View\View.php(226): include('C:\\laragon\\www\\lab3\\app\\Views\\details.php')
 3 SYSTEMPATH\View\View.php(229): CodeIgniter\View\View->CodeIgniter\View\{closure}()
 4 SYSTEMPATH\Common.php(1188): CodeIgniter\View\View->render('details', [], true)
 5 APPPATH\Controllers\Home.php(17): view('details', [...])
 6 SYSTEMPATH\CodeIgniter.php(919): App\Controllers\Home->details()
 7 SYSTEMPATH\CodeIgniter.php(494): CodeIgniter\CodeIgniter->runController(Object(App\Controllers\Home))
 8 SYSTEMPATH\CodeIgniter.php(353): CodeIgniter\CodeIgniter->handleRequest(null, Object(Config\Cache), false)
 9 FCPATH\index.php(79): CodeIgniter\CodeIgniter->run()
10 SYSTEMPATH\Commands\Server\rewrite.php(47): require_once('C:\\laragon\\www\\lab3\\public\\index.php')
CRITICAL - 2023-10-01 03:26:59 --> foreach() argument must be of type array|object, string given
in APPPATH\Views\details.php on line 56.
 1 APPPATH\Views\details.php(56): CodeIgniter\Debug\Exceptions->errorHandler(2, 'foreach() argument must be of type array|object, string given', 'C:\\laragon\\www\\lab3\\app\\Views\\details.php', 56)
 2 SYSTEMPATH\View\View.php(226): include('C:\\laragon\\www\\lab3\\app\\Views\\details.php')
 3 SYSTEMPATH\View\View.php(229): CodeIgniter\View\View->CodeIgniter\View\{closure}()
 4 SYSTEMPATH\Common.php(1188): CodeIgniter\View\View->render('details', [], true)
 5 APPPATH\Controllers\Home.php(17): view('details', [...])
 6 SYSTEMPATH\CodeIgniter.php(919): App\Controllers\Home->details()
 7 SYSTEMPATH\CodeIgniter.php(494): CodeIgniter\CodeIgniter->runController(Object(App\Controllers\Home))
 8 SYSTEMPATH\CodeIgniter.php(353): CodeIgniter\CodeIgniter->handleRequest(null, Object(Config\Cache), false)
 9 FCPATH\index.php(79): CodeIgniter\CodeIgniter->run()
10 SYSTEMPATH\Commands\Server\rewrite.php(47): require_once('C:\\laragon\\www\\lab3\\public\\index.php')
CRITICAL - 2023-10-01 03:27:17 --> foreach() argument must be of type array|object, string given
in APPPATH\Views\details.php on line 56.
 1 APPPATH\Views\details.php(56): CodeIgniter\Debug\Exceptions->errorHandler(2, 'foreach() argument must be of type array|object, string given', 'C:\\laragon\\www\\lab3\\app\\Views\\details.php', 56)
 2 SYSTEMPATH\View\View.php(226): include('C:\\laragon\\www\\lab3\\app\\Views\\details.php')
 3 SYSTEMPATH\View\View.php(229): CodeIgniter\View\View->CodeIgniter\View\{closure}()
 4 SYSTEMPATH\Common.php(1188): CodeIgniter\View\View->render('details', [], true)
 5 APPPATH\Controllers\Home.php(17): view('details', [...])
 6 SYSTEMPATH\CodeIgniter.php(919): App\Controllers\Home->details()
 7 SYSTEMPATH\CodeIgniter.php(494): CodeIgniter\CodeIgniter->runController(Object(App\Controllers\Home))
 8 SYSTEMPATH\CodeIgniter.php(353): CodeIgniter\CodeIgniter->handleRequest(null, Object(Config\Cache), false)
 9 FCPATH\index.php(79): CodeIgniter\CodeIgniter->run()
10 SYSTEMPATH\Commands\Server\rewrite.php(47): require_once('C:\\laragon\\www\\lab3\\public\\index.php')
CRITICAL - 2023-10-01 03:28:36 --> foreach() argument must be of type array|object, string given
in APPPATH\Views\details.php on line 53.
 1 APPPATH\Views\details.php(53): CodeIgniter\Debug\Exceptions->errorHandler(2, 'foreach() argument must be of type array|object, string given', 'C:\\laragon\\www\\lab3\\app\\Views\\details.php', 53)
 2 SYSTEMPATH\View\View.php(226): include('C:\\laragon\\www\\lab3\\app\\Views\\details.php')
 3 SYSTEMPATH\View\View.php(229): CodeIgniter\View\View->CodeIgniter\View\{closure}()
 4 SYSTEMPATH\Common.php(1188): CodeIgniter\View\View->render('details', [], true)
 5 APPPATH\Controllers\Home.php(17): view('details', [...])
 6 SYSTEMPATH\CodeIgniter.php(919): App\Controllers\Home->details()
 7 SYSTEMPATH\CodeIgniter.php(494): CodeIgniter\CodeIgniter->runController(Object(App\Controllers\Home))
 8 SYSTEMPATH\CodeIgniter.php(353): CodeIgniter\CodeIgniter->handleRequest(null, Object(Config\Cache), false)
 9 FCPATH\index.php(79): CodeIgniter\CodeIgniter->run()
10 SYSTEMPATH\Commands\Server\rewrite.php(47): require_once('C:\\laragon\\www\\lab3\\public\\index.php')
CRITICAL - 2023-10-01 03:28:40 --> Undefined array key "category"
in APPPATH\Views\details.php on line 53.
 1 APPPATH\Views\details.php(53): CodeIgniter\Debug\Exceptions->errorHandler(2, 'Undefined array key "category"', 'C:\\laragon\\www\\lab3\\app\\Views\\details.php', 53)
 2 SYSTEMPATH\View\View.php(226): include('C:\\laragon\\www\\lab3\\app\\Views\\details.php')
 3 SYSTEMPATH\View\View.php(229): CodeIgniter\View\View->CodeIgniter\View\{closure}()
 4 SYSTEMPATH\Common.php(1188): CodeIgniter\View\View->render('details', [], true)
 5 APPPATH\Controllers\Home.php(17): view('details', [...])
 6 SYSTEMPATH\CodeIgniter.php(919): App\Controllers\Home->details()
 7 SYSTEMPATH\CodeIgniter.php(494): CodeIgniter\CodeIgniter->runController(Object(App\Controllers\Home))
 8 SYSTEMPATH\CodeIgniter.php(353): CodeIgniter\CodeIgniter->handleRequest(null, Object(Config\Cache), false)
 9 FCPATH\index.php(79): CodeIgniter\CodeIgniter->run()
10 SYSTEMPATH\Commands\Server\rewrite.php(47): require_once('C:\\laragon\\www\\lab3\\public\\index.php')
ERROR - 2023-10-01 03:34:48 --> mysqli_sql_exception: Table 'lab3.categoriy_tbl' doesn't exist in C:\laragon\www\lab3\system\Database\MySQLi\Connection.php:306
Stack trace:
#0 C:\laragon\www\lab3\system\Database\MySQLi\Connection.php(306): mysqli->query('SELECT *\nFROM `...', 0)
#1 C:\laragon\www\lab3\system\Database\BaseConnection.php(692): CodeIgniter\Database\MySQLi\Connection->execute('SELECT *\nFROM `...')
#2 C:\laragon\www\lab3\system\Database\BaseConnection.php(606): CodeIgniter\Database\BaseConnection->simpleQuery('SELECT *\nFROM `...')
#3 C:\laragon\www\lab3\system\Database\BaseBuilder.php(1615): CodeIgniter\Database\BaseConnection->query('SELECT *\nFROM `...', Array, false)
#4 C:\laragon\www\lab3\system\Model.php(237): CodeIgniter\Database\BaseBuilder->get()
#5 C:\laragon\www\lab3\system\BaseModel.php(624): CodeIgniter\Model->doFindAll(0, 0)
#6 C:\laragon\www\lab3\app\Controllers\Home.php(18): CodeIgniter\BaseModel->findAll()
#7 C:\laragon\www\lab3\system\CodeIgniter.php(919): App\Controllers\Home->details()
#8 C:\laragon\www\lab3\system\CodeIgniter.php(494): CodeIgniter\CodeIgniter->runController(Object(App\Controllers\Home))
#9 C:\laragon\www\lab3\system\CodeIgniter.php(353): CodeIgniter\CodeIgniter->handleRequest(NULL, Object(Config\Cache), false)
#10 C:\laragon\www\lab3\public\index.php(79): CodeIgniter\CodeIgniter->run()
#11 C:\laragon\www\lab3\system\Commands\Server\rewrite.php(47): require_once('C:\\laragon\\www\\...')
#12 {main}
CRITICAL - 2023-10-01 03:34:48 --> Table 'lab3.categoriy_tbl' doesn't exist
in SYSTEMPATH\Database\BaseConnection.php on line 646.
 1 SYSTEMPATH\Database\BaseBuilder.php(1615): CodeIgniter\Database\BaseConnection->query('SELECT *
FROM `categoriy_tbl`', [], false)
 2 SYSTEMPATH\Model.php(237): CodeIgniter\Database\BaseBuilder->get()
 3 SYSTEMPATH\BaseModel.php(624): CodeIgniter\Model->doFindAll(0, 0)
 4 APPPATH\Controllers\Home.php(18): CodeIgniter\BaseModel->findAll()
 5 SYSTEMPATH\CodeIgniter.php(919): App\Controllers\Home->details()
 6 SYSTEMPATH\CodeIgniter.php(494): CodeIgniter\CodeIgniter->runController(Object(App\Controllers\Home))
 7 SYSTEMPATH\CodeIgniter.php(353): CodeIgniter\CodeIgniter->handleRequest(null, Object(Config\Cache), false)
 8 FCPATH\index.php(79): CodeIgniter\CodeIgniter->run()
 9 SYSTEMPATH\Commands\Server\rewrite.php(47): require_once('C:\\laragon\\www\\lab3\\public\\index.php')
CRITICAL - 2023-10-01 07:13:18 --> Undefined array key "?"
in APPPATH\Views\details.php on line 18.
 1 APPPATH\Views\details.php(18): CodeIgniter\Debug\Exceptions->errorHandler(2, 'Undefined array key "?"', 'C:\\laragon\\www\\lab3\\app\\Views\\details.php', 18)
 2 SYSTEMPATH\View\View.php(226): include('C:\\laragon\\www\\lab3\\app\\Views\\details.php')
 3 SYSTEMPATH\View\View.php(229): CodeIgniter\View\View->CodeIgniter\View\{closure}()
 4 SYSTEMPATH\Common.php(1188): CodeIgniter\View\View->render('details', [], true)
 5 APPPATH\Controllers\Home.php(20): view('details', [...])
 6 SYSTEMPATH\CodeIgniter.php(919): App\Controllers\Home->details('3')
 7 SYSTEMPATH\CodeIgniter.php(494): CodeIgniter\CodeIgniter->runController(Object(App\Controllers\Home))
 8 SYSTEMPATH\CodeIgniter.php(353): CodeIgniter\CodeIgniter->handleRequest(null, Object(Config\Cache), false)
 9 FCPATH\index.php(79): CodeIgniter\CodeIgniter->run()
10 SYSTEMPATH\Commands\Server\rewrite.php(47): require_once('C:\\laragon\\www\\lab3\\public\\index.php')
CRITICAL - 2023-10-01 07:13:26 --> Undefined array key 123
in APPPATH\Views\details.php on line 18.
 1 APPPATH\Views\details.php(18): CodeIgniter\Debug\Exceptions->errorHandler(2, 'Undefined array key 123', 'C:\\laragon\\www\\lab3\\app\\Views\\details.php', 18)
 2 SYSTEMPATH\View\View.php(226): include('C:\\laragon\\www\\lab3\\app\\Views\\details.php')
 3 SYSTEMPATH\View\View.php(229): CodeIgniter\View\View->CodeIgniter\View\{closure}()
 4 SYSTEMPATH\Common.php(1188): CodeIgniter\View\View->render('details', [], true)
 5 APPPATH\Controllers\Home.php(20): view('details', [...])
 6 SYSTEMPATH\CodeIgniter.php(919): App\Controllers\Home->details('3')
 7 SYSTEMPATH\CodeIgniter.php(494): CodeIgniter\CodeIgniter->runController(Object(App\Controllers\Home))
 8 SYSTEMPATH\CodeIgniter.php(353): CodeIgniter\CodeIgniter->handleRequest(null, Object(Config\Cache), false)
 9 FCPATH\index.php(79): CodeIgniter\CodeIgniter->run()
10 SYSTEMPATH\Commands\Server\rewrite.php(47): require_once('C:\\laragon\\www\\lab3\\public\\index.php')
CRITICAL - 2023-10-01 07:13:53 --> Undefined array key "?id"
in APPPATH\Views\details.php on line 18.
 1 APPPATH\Views\details.php(18): CodeIgniter\Debug\Exceptions->errorHandler(2, 'Undefined array key "?id"', 'C:\\laragon\\www\\lab3\\app\\Views\\details.php', 18)
 2 SYSTEMPATH\View\View.php(226): include('C:\\laragon\\www\\lab3\\app\\Views\\details.php')
 3 SYSTEMPATH\View\View.php(229): CodeIgniter\View\View->CodeIgniter\View\{closure}()
 4 SYSTEMPATH\Common.php(1188): CodeIgniter\View\View->render('details', [], true)
 5 APPPATH\Controllers\Home.php(20): view('details', [...])
 6 SYSTEMPATH\CodeIgniter.php(919): App\Controllers\Home->details('3')
 7 SYSTEMPATH\CodeIgniter.php(494): CodeIgniter\CodeIgniter->runController(Object(App\Controllers\Home))
 8 SYSTEMPATH\CodeIgniter.php(353): CodeIgniter\CodeIgniter->handleRequest(null, Object(Config\Cache), false)
 9 FCPATH\index.php(79): CodeIgniter\CodeIgniter->run()
10 SYSTEMPATH\Commands\Server\rewrite.php(47): require_once('C:\\laragon\\www\\lab3\\public\\index.php')
CRITICAL - 2023-10-01 07:28:35 --> Undefined array key "?"
in APPPATH\Views\details.php on line 18.
 1 APPPATH\Views\details.php(18): CodeIgniter\Debug\Exceptions->errorHandler(2, 'Undefined array key "?"', 'C:\\laragon\\www\\lab3\\app\\Views\\details.php', 18)
 2 SYSTEMPATH\View\View.php(226): include('C:\\laragon\\www\\lab3\\app\\Views\\details.php')
 3 SYSTEMPATH\View\View.php(229): CodeIgniter\View\View->CodeIgniter\View\{closure}()
 4 SYSTEMPATH\Common.php(1188): CodeIgniter\View\View->render('details', [], true)
 5 APPPATH\Controllers\Home.php(20): view('details', [...])
 6 SYSTEMPATH\CodeIgniter.php(919): App\Controllers\Home->details('3')
 7 SYSTEMPATH\CodeIgniter.php(494): CodeIgniter\CodeIgniter->runController(Object(App\Controllers\Home))
 8 SYSTEMPATH\CodeIgniter.php(353): CodeIgniter\CodeIgniter->handleRequest(null, Object(Config\Cache), false)
 9 FCPATH\index.php(79): CodeIgniter\CodeIgniter->run()
10 SYSTEMPATH\Commands\Server\rewrite.php(47): require_once('C:\\laragon\\www\\lab3\\public\\index.php')
CRITICAL - 2023-10-01 07:28:40 --> Undefined array key "?id"
in APPPATH\Views\details.php on line 18.
 1 APPPATH\Views\details.php(18): CodeIgniter\Debug\Exceptions->errorHandler(2, 'Undefined array key "?id"', 'C:\\laragon\\www\\lab3\\app\\Views\\details.php', 18)
 2 SYSTEMPATH\View\View.php(226): include('C:\\laragon\\www\\lab3\\app\\Views\\details.php')
 3 SYSTEMPATH\View\View.php(229): CodeIgniter\View\View->CodeIgniter\View\{closure}()
 4 SYSTEMPATH\Common.php(1188): CodeIgniter\View\View->render('details', [], true)
 5 APPPATH\Controllers\Home.php(20): view('details', [...])
 6 SYSTEMPATH\CodeIgniter.php(919): App\Controllers\Home->details('3')
 7 SYSTEMPATH\CodeIgniter.php(494): CodeIgniter\CodeIgniter->runController(Object(App\Controllers\Home))
 8 SYSTEMPATH\CodeIgniter.php(353): CodeIgniter\CodeIgniter->handleRequest(null, Object(Config\Cache), false)
 9 FCPATH\index.php(79): CodeIgniter\CodeIgniter->run()
10 SYSTEMPATH\Commands\Server\rewrite.php(47): require_once('C:\\laragon\\www\\lab3\\public\\index.php')
CRITICAL - 2023-10-01 07:28:46 --> Undefined array key "id?"
in APPPATH\Views\details.php on line 18.
 1 APPPATH\Views\details.php(18): CodeIgniter\Debug\Exceptions->errorHandler(2, 'Undefined array key "id?"', 'C:\\laragon\\www\\lab3\\app\\Views\\details.php', 18)
 2 SYSTEMPATH\View\View.php(226): include('C:\\laragon\\www\\lab3\\app\\Views\\details.php')
 3 SYSTEMPATH\View\View.php(229): CodeIgniter\View\View->CodeIgniter\View\{closure}()
 4 SYSTEMPATH\Common.php(1188): CodeIgniter\View\View->render('details', [], true)
 5 APPPATH\Controllers\Home.php(20): view('details', [...])
 6 SYSTEMPATH\CodeIgniter.php(919): App\Controllers\Home->details('3')
 7 SYSTEMPATH\CodeIgniter.php(494): CodeIgniter\CodeIgniter->runController(Object(App\Controllers\Home))
 8 SYSTEMPATH\CodeIgniter.php(353): CodeIgniter\CodeIgniter->handleRequest(null, Object(Config\Cache), false)
 9 FCPATH\index.php(79): CodeIgniter\CodeIgniter->run()
10 SYSTEMPATH\Commands\Server\rewrite.php(47): require_once('C:\\laragon\\www\\lab3\\public\\index.php')
CRITICAL - 2023-10-01 07:31:02 --> Undefined array key "?"
in APPPATH\Views\details.php on line 18.
 1 APPPATH\Views\details.php(18): CodeIgniter\Debug\Exceptions->errorHandler(2, 'Undefined array key "?"', 'C:\\laragon\\www\\lab3\\app\\Views\\details.php', 18)
 2 SYSTEMPATH\View\View.php(226): include('C:\\laragon\\www\\lab3\\app\\Views\\details.php')
 3 SYSTEMPATH\View\View.php(229): CodeIgniter\View\View->CodeIgniter\View\{closure}()
 4 SYSTEMPATH\Common.php(1188): CodeIgniter\View\View->render('details', [], true)
 5 APPPATH\Controllers\Home.php(20): view('details', [...])
 6 SYSTEMPATH\CodeIgniter.php(919): App\Controllers\Home->details('3')
 7 SYSTEMPATH\CodeIgniter.php(494): CodeIgniter\CodeIgniter->runController(Object(App\Controllers\Home))
 8 SYSTEMPATH\CodeIgniter.php(353): CodeIgniter\CodeIgniter->handleRequest(null, Object(Config\Cache), false)
 9 FCPATH\index.php(79): CodeIgniter\CodeIgniter->run()
10 SYSTEMPATH\Commands\Server\rewrite.php(47): require_once('C:\\laragon\\www\\lab3\\public\\index.php')
CRITICAL - 2023-10-01 07:36:07 --> Undefined variable $selectedProductId
in APPPATH\Views\details.php on line 18.
 1 APPPATH\Views\details.php(18): CodeIgniter\Debug\Exceptions->errorHandler(2, 'Undefined variable $selectedProductId', 'C:\\laragon\\www\\lab3\\app\\Views\\details.php', 18)
 2 SYSTEMPATH\View\View.php(226): include('C:\\laragon\\www\\lab3\\app\\Views\\details.php')
 3 SYSTEMPATH\View\View.php(229): CodeIgniter\View\View->CodeIgniter\View\{closure}()
 4 SYSTEMPATH\Common.php(1188): CodeIgniter\View\View->render('details', [], true)
 5 APPPATH\Controllers\Home.php(20): view('details', [...])
 6 SYSTEMPATH\CodeIgniter.php(919): App\Controllers\Home->details('3')
 7 SYSTEMPATH\CodeIgniter.php(494): CodeIgniter\CodeIgniter->runController(Object(App\Controllers\Home))
 8 SYSTEMPATH\CodeIgniter.php(353): CodeIgniter\CodeIgniter->handleRequest(null, Object(Config\Cache), false)
 9 FCPATH\index.php(79): CodeIgniter\CodeIgniter->run()
10 SYSTEMPATH\Commands\Server\rewrite.php(47): require_once('C:\\laragon\\www\\lab3\\public\\index.php')
CRITICAL - 2023-10-01 07:38:15 --> syntax error, unexpected token "<", expecting end of file
in APPPATH\Views\details.php on line 18.
 1 SYSTEMPATH\View\View.php(229): CodeIgniter\View\View->CodeIgniter\View\{closure}()
 2 SYSTEMPATH\Common.php(1188): CodeIgniter\View\View->render('details', [], true)
 3 APPPATH\Controllers\Home.php(20): view('details', [...])
 4 SYSTEMPATH\CodeIgniter.php(919): App\Controllers\Home->details('4')
 5 SYSTEMPATH\CodeIgniter.php(494): CodeIgniter\CodeIgniter->runController(Object(App\Controllers\Home))
 6 SYSTEMPATH\CodeIgniter.php(353): CodeIgniter\CodeIgniter->handleRequest(null, Object(Config\Cache), false)
 7 FCPATH\index.php(79): CodeIgniter\CodeIgniter->run()
 8 SYSTEMPATH\Commands\Server\rewrite.php(47): require_once('C:\\laragon\\www\\lab3\\public\\index.php')
CRITICAL - 2023-10-01 07:38:52 --> Undefined array key "id"
in APPPATH\Views\details.php on line 19.
 1 APPPATH\Views\details.php(19): CodeIgniter\Debug\Exceptions->errorHandler(2, 'Undefined array key "id"', 'C:\\laragon\\www\\lab3\\app\\Views\\details.php', 19)
 2 SYSTEMPATH\View\View.php(226): include('C:\\laragon\\www\\lab3\\app\\Views\\details.php')
 3 SYSTEMPATH\View\View.php(229): CodeIgniter\View\View->CodeIgniter\View\{closure}()
 4 SYSTEMPATH\Common.php(1188): CodeIgniter\View\View->render('details', [], true)
 5 APPPATH\Controllers\Home.php(20): view('details', [...])
 6 SYSTEMPATH\CodeIgniter.php(919): App\Controllers\Home->details('4')
 7 SYSTEMPATH\CodeIgniter.php(494): CodeIgniter\CodeIgniter->runController(Object(App\Controllers\Home))
 8 SYSTEMPATH\CodeIgniter.php(353): CodeIgniter\CodeIgniter->handleRequest(null, Object(Config\Cache), false)
 9 FCPATH\index.php(79): CodeIgniter\CodeIgniter->run()
10 SYSTEMPATH\Commands\Server\rewrite.php(47): require_once('C:\\laragon\\www\\lab3\\public\\index.php')
CRITICAL - 2023-10-01 07:39:13 --> Array callback must have exactly two elements
in APPPATH\Views\details.php on line 19.
 1 SYSTEMPATH\View\View.php(226): include()
 2 SYSTEMPATH\View\View.php(229): CodeIgniter\View\View->CodeIgniter\View\{closure}()
 3 SYSTEMPATH\Common.php(1188): CodeIgniter\View\View->render('details', [], true)
 4 APPPATH\Controllers\Home.php(20): view('details', [...])
 5 SYSTEMPATH\CodeIgniter.php(919): App\Controllers\Home->details('4')
 6 SYSTEMPATH\CodeIgniter.php(494): CodeIgniter\CodeIgniter->runController(Object(App\Controllers\Home))
 7 SYSTEMPATH\CodeIgniter.php(353): CodeIgniter\CodeIgniter->handleRequest(null, Object(Config\Cache), false)
 8 FCPATH\index.php(79): CodeIgniter\CodeIgniter->run()
 9 SYSTEMPATH\Commands\Server\rewrite.php(47): require_once('C:\\laragon\\www\\lab3\\public\\index.php')
CRITICAL - 2023-10-01 08:41:33 --> Undefined array key "ProductCategory"
in APPPATH\Views\admin.php on line 25.
 1 APPPATH\Views\admin.php(25): CodeIgniter\Debug\Exceptions->errorHandler(2, 'Undefined array key "ProductCategory"', 'C:\\laragon\\www\\lab3\\app\\Views\\admin.php', 25)
 2 SYSTEMPATH\View\View.php(226): include('C:\\laragon\\www\\lab3\\app\\Views\\admin.php')
 3 SYSTEMPATH\View\View.php(229): CodeIgniter\View\View->CodeIgniter\View\{closure}()
 4 SYSTEMPATH\Common.php(1188): CodeIgniter\View\View->render('admin', [], true)
 5 APPPATH\Controllers\Home.php(37): view('admin', [...])
 6 SYSTEMPATH\CodeIgniter.php(919): App\Controllers\Home->admin('save')
 7 SYSTEMPATH\CodeIgniter.php(494): CodeIgniter\CodeIgniter->runController(Object(App\Controllers\Home))
 8 SYSTEMPATH\CodeIgniter.php(353): CodeIgniter\CodeIgniter->handleRequest(null, Object(Config\Cache), false)
 9 FCPATH\index.php(79): CodeIgniter\CodeIgniter->run()
10 SYSTEMPATH\Commands\Server\rewrite.php(47): require_once('C:\\laragon\\www\\lab3\\public\\index.php')
CRITICAL - 2023-10-01 09:27:40 --> Undefined variable $prod
in APPPATH\Views\admin.php on line 45.
 1 APPPATH\Views\admin.php(45): CodeIgniter\Debug\Exceptions->errorHandler(2, 'Undefined variable $prod', 'C:\\laragon\\www\\lab3\\app\\Views\\admin.php', 45)
 2 SYSTEMPATH\View\View.php(226): include('C:\\laragon\\www\\lab3\\app\\Views\\admin.php')
 3 SYSTEMPATH\View\View.php(229): CodeIgniter\View\View->CodeIgniter\View\{closure}()
 4 SYSTEMPATH\Common.php(1188): CodeIgniter\View\View->render('admin', [], true)
 5 APPPATH\Controllers\Home.php(37): view('admin', [...])
 6 SYSTEMPATH\CodeIgniter.php(919): App\Controllers\Home->admin()
 7 SYSTEMPATH\CodeIgniter.php(494): CodeIgniter\CodeIgniter->runController(Object(App\Controllers\Home))
 8 SYSTEMPATH\CodeIgniter.php(353): CodeIgniter\CodeIgniter->handleRequest(null, Object(Config\Cache), false)
 9 FCPATH\index.php(79): CodeIgniter\CodeIgniter->run()
10 SYSTEMPATH\Commands\Server\rewrite.php(47): require_once('C:\\laragon\\www\\lab3\\public\\index.php')
CRITICAL - 2023-10-01 09:30:01 --> Undefined variable $prod
in APPPATH\Views\admin.php on line 45.
 1 APPPATH\Views\admin.php(45): CodeIgniter\Debug\Exceptions->errorHandler(2, 'Undefined variable $prod', 'C:\\laragon\\www\\lab3\\app\\Views\\admin.php', 45)
 2 SYSTEMPATH\View\View.php(226): include('C:\\laragon\\www\\lab3\\app\\Views\\admin.php')
 3 SYSTEMPATH\View\View.php(229): CodeIgniter\View\View->CodeIgniter\View\{closure}()
 4 SYSTEMPATH\Common.php(1188): CodeIgniter\View\View->render('admin', [], true)
 5 APPPATH\Controllers\Home.php(37): view('admin', [...])
 6 SYSTEMPATH\CodeIgniter.php(919): App\Controllers\Home->admin()
 7 SYSTEMPATH\CodeIgniter.php(494): CodeIgniter\CodeIgniter->runController(Object(App\Controllers\Home))
 8 SYSTEMPATH\CodeIgniter.php(353): CodeIgniter\CodeIgniter->handleRequest(null, Object(Config\Cache), false)
 9 FCPATH\index.php(79): CodeIgniter\CodeIgniter->run()
10 SYSTEMPATH\Commands\Server\rewrite.php(47): require_once('C:\\laragon\\www\\lab3\\public\\index.php')
CRITICAL - 2023-10-01 09:30:05 --> Undefined variable $prod
in APPPATH\Views\admin.php on line 45.
 1 APPPATH\Views\admin.php(45): CodeIgniter\Debug\Exceptions->errorHandler(2, 'Undefined variable $prod', 'C:\\laragon\\www\\lab3\\app\\Views\\admin.php', 45)
 2 SYSTEMPATH\View\View.php(226): include('C:\\laragon\\www\\lab3\\app\\Views\\admin.php')
 3 SYSTEMPATH\View\View.php(229): CodeIgniter\View\View->CodeIgniter\View\{closure}()
 4 SYSTEMPATH\Common.php(1188): CodeIgniter\View\View->render('admin', [], true)
 5 APPPATH\Controllers\Home.php(37): view('admin', [...])
 6 SYSTEMPATH\CodeIgniter.php(919): App\Controllers\Home->admin()
 7 SYSTEMPATH\CodeIgniter.php(494): CodeIgniter\CodeIgniter->runController(Object(App\Controllers\Home))
 8 SYSTEMPATH\CodeIgniter.php(353): CodeIgniter\CodeIgniter->handleRequest(null, Object(Config\Cache), false)
 9 FCPATH\index.php(79): CodeIgniter\CodeIgniter->run()
10 SYSTEMPATH\Commands\Server\rewrite.php(47): require_once('C:\\laragon\\www\\lab3\\public\\index.php')
CRITICAL - 2023-10-01 09:31:04 --> Undefined array key "product_id"
in APPPATH\Views\admin.php on line 46.
 1 APPPATH\Views\admin.php(46): CodeIgniter\Debug\Exceptions->errorHandler(2, 'Undefined array key "product_id"', 'C:\\laragon\\www\\lab3\\app\\Views\\admin.php', 46)
 2 SYSTEMPATH\View\View.php(226): include('C:\\laragon\\www\\lab3\\app\\Views\\admin.php')
 3 SYSTEMPATH\View\View.php(229): CodeIgniter\View\View->CodeIgniter\View\{closure}()
 4 SYSTEMPATH\Common.php(1188): CodeIgniter\View\View->render('admin', [], true)
 5 APPPATH\Controllers\Home.php(37): view('admin', [...])
 6 SYSTEMPATH\CodeIgniter.php(919): App\Controllers\Home->admin()
 7 SYSTEMPATH\CodeIgniter.php(494): CodeIgniter\CodeIgniter->runController(Object(App\Controllers\Home))
 8 SYSTEMPATH\CodeIgniter.php(353): CodeIgniter\CodeIgniter->handleRequest(null, Object(Config\Cache), false)
 9 FCPATH\index.php(79): CodeIgniter\CodeIgniter->run()
10 SYSTEMPATH\Commands\Server\rewrite.php(47): require_once('C:\\laragon\\www\\lab3\\public\\index.php')
CRITICAL - 2023-10-01 09:31:05 --> Undefined array key "product_id"
in APPPATH\Views\admin.php on line 46.
 1 APPPATH\Views\admin.php(46): CodeIgniter\Debug\Exceptions->errorHandler(2, 'Undefined array key "product_id"', 'C:\\laragon\\www\\lab3\\app\\Views\\admin.php', 46)
 2 SYSTEMPATH\View\View.php(226): include('C:\\laragon\\www\\lab3\\app\\Views\\admin.php')
 3 SYSTEMPATH\View\View.php(229): CodeIgniter\View\View->CodeIgniter\View\{closure}()
 4 SYSTEMPATH\Common.php(1188): CodeIgniter\View\View->render('admin', [], true)
 5 APPPATH\Controllers\Home.php(37): view('admin', [...])
 6 SYSTEMPATH\CodeIgniter.php(919): App\Controllers\Home->admin()
 7 SYSTEMPATH\CodeIgniter.php(494): CodeIgniter\CodeIgniter->runController(Object(App\Controllers\Home))
 8 SYSTEMPATH\CodeIgniter.php(353): CodeIgniter\CodeIgniter->handleRequest(null, Object(Config\Cache), false)
 9 FCPATH\index.php(79): CodeIgniter\CodeIgniter->run()
10 SYSTEMPATH\Commands\Server\rewrite.php(47): require_once('C:\\laragon\\www\\lab3\\public\\index.php')
CRITICAL - 2023-10-01 09:36:47 --> Undefined array key "product_id"
in APPPATH\Views\admin.php on line 49.
 1 APPPATH\Views\admin.php(49): CodeIgniter\Debug\Exceptions->errorHandler(2, 'Undefined array key "product_id"', 'C:\\laragon\\www\\lab3\\app\\Views\\admin.php', 49)
 2 SYSTEMPATH\View\View.php(226): include('C:\\laragon\\www\\lab3\\app\\Views\\admin.php')
 3 SYSTEMPATH\View\View.php(229): CodeIgniter\View\View->CodeIgniter\View\{closure}()
 4 SYSTEMPATH\Common.php(1188): CodeIgniter\View\View->render('admin', [], true)
 5 APPPATH\Controllers\Home.php(37): view('admin', [...])
 6 SYSTEMPATH\CodeIgniter.php(919): App\Controllers\Home->admin()
 7 SYSTEMPATH\CodeIgniter.php(494): CodeIgniter\CodeIgniter->runController(Object(App\Controllers\Home))
 8 SYSTEMPATH\CodeIgniter.php(353): CodeIgniter\CodeIgniter->handleRequest(null, Object(Config\Cache), false)
 9 FCPATH\index.php(79): CodeIgniter\CodeIgniter->run()
10 SYSTEMPATH\Commands\Server\rewrite.php(47): require_once('C:\\laragon\\www\\lab3\\public\\index.php')
CRITICAL - 2023-10-01 09:37:35 --> Undefined array key "product_id"
in APPPATH\Views\admin.php on line 49.
 1 APPPATH\Views\admin.php(49): CodeIgniter\Debug\Exceptions->errorHandler(2, 'Undefined array key "product_id"', 'C:\\laragon\\www\\lab3\\app\\Views\\admin.php', 49)
 2 SYSTEMPATH\View\View.php(226): include('C:\\laragon\\www\\lab3\\app\\Views\\admin.php')
 3 SYSTEMPATH\View\View.php(229): CodeIgniter\View\View->CodeIgniter\View\{closure}()
 4 SYSTEMPATH\Common.php(1188): CodeIgniter\View\View->render('admin', [], true)
 5 APPPATH\Controllers\Home.php(37): view('admin', [...])
 6 SYSTEMPATH\CodeIgniter.php(919): App\Controllers\Home->admin()
 7 SYSTEMPATH\CodeIgniter.php(494): CodeIgniter\CodeIgniter->runController(Object(App\Controllers\Home))
 8 SYSTEMPATH\CodeIgniter.php(353): CodeIgniter\CodeIgniter->handleRequest(null, Object(Config\Cache), false)
 9 FCPATH\index.php(79): CodeIgniter\CodeIgniter->run()
10 SYSTEMPATH\Commands\Server\rewrite.php(47): require_once('C:\\laragon\\www\\lab3\\public\\index.php')
CRITICAL - 2023-10-01 09:37:52 --> Undefined array key "product_id"
in APPPATH\Views\admin.php on line 75.
 1 APPPATH\Views\admin.php(75): CodeIgniter\Debug\Exceptions->errorHandler(2, 'Undefined array key "product_id"', 'C:\\laragon\\www\\lab3\\app\\Views\\admin.php', 75)
 2 SYSTEMPATH\View\View.php(226): include('C:\\laragon\\www\\lab3\\app\\Views\\admin.php')
 3 SYSTEMPATH\View\View.php(229): CodeIgniter\View\View->CodeIgniter\View\{closure}()
 4 SYSTEMPATH\Common.php(1188): CodeIgniter\View\View->render('admin', [], true)
 5 APPPATH\Controllers\Home.php(37): view('admin', [...])
 6 SYSTEMPATH\CodeIgniter.php(919): App\Controllers\Home->admin()
 7 SYSTEMPATH\CodeIgniter.php(494): CodeIgniter\CodeIgniter->runController(Object(App\Controllers\Home))
 8 SYSTEMPATH\CodeIgniter.php(353): CodeIgniter\CodeIgniter->handleRequest(null, Object(Config\Cache), false)
 9 FCPATH\index.php(79): CodeIgniter\CodeIgniter->run()
10 SYSTEMPATH\Commands\Server\rewrite.php(47): require_once('C:\\laragon\\www\\lab3\\public\\index.php')
CRITICAL - 2023-10-01 09:43:20 --> Undefined array key "product_id"
in APPPATH\Views\admin.php on line 74.
 1 APPPATH\Views\admin.php(74): CodeIgniter\Debug\Exceptions->errorHandler(2, 'Undefined array key "product_id"', 'C:\\laragon\\www\\lab3\\app\\Views\\admin.php', 74)
 2 SYSTEMPATH\View\View.php(226): include('C:\\laragon\\www\\lab3\\app\\Views\\admin.php')
 3 SYSTEMPATH\View\View.php(229): CodeIgniter\View\View->CodeIgniter\View\{closure}()
 4 SYSTEMPATH\Common.php(1188): CodeIgniter\View\View->render('admin', [], true)
 5 APPPATH\Controllers\Home.php(37): view('admin', [...])
 6 SYSTEMPATH\CodeIgniter.php(919): App\Controllers\Home->admin()
 7 SYSTEMPATH\CodeIgniter.php(494): CodeIgniter\CodeIgniter->runController(Object(App\Controllers\Home))
 8 SYSTEMPATH\CodeIgniter.php(353): CodeIgniter\CodeIgniter->handleRequest(null, Object(Config\Cache), false)
 9 FCPATH\index.php(79): CodeIgniter\CodeIgniter->run()
10 SYSTEMPATH\Commands\Server\rewrite.php(47): require_once('C:\\laragon\\www\\lab3\\public\\index.php')
CRITICAL - 2023-10-01 09:43:41 --> Undefined array key "product_id"
in APPPATH\Views\admin.php on line 79.
 1 APPPATH\Views\admin.php(79): CodeIgniter\Debug\Exceptions->errorHandler(2, 'Undefined array key "product_id"', 'C:\\laragon\\www\\lab3\\app\\Views\\admin.php', 79)
 2 SYSTEMPATH\View\View.php(226): include('C:\\laragon\\www\\lab3\\app\\Views\\admin.php')
 3 SYSTEMPATH\View\View.php(229): CodeIgniter\View\View->CodeIgniter\View\{closure}()
 4 SYSTEMPATH\Common.php(1188): CodeIgniter\View\View->render('admin', [], true)
 5 APPPATH\Controllers\Home.php(37): view('admin', [...])
 6 SYSTEMPATH\CodeIgniter.php(919): App\Controllers\Home->admin()
 7 SYSTEMPATH\CodeIgniter.php(494): CodeIgniter\CodeIgniter->runController(Object(App\Controllers\Home))
 8 SYSTEMPATH\CodeIgniter.php(353): CodeIgniter\CodeIgniter->handleRequest(null, Object(Config\Cache), false)
 9 FCPATH\index.php(79): CodeIgniter\CodeIgniter->run()
10 SYSTEMPATH\Commands\Server\rewrite.php(47): require_once('C:\\laragon\\www\\lab3\\public\\index.php')
CRITICAL - 2023-10-01 09:43:56 --> Undefined array key "product_id"
in APPPATH\Views\admin.php on line 78.
 1 APPPATH\Views\admin.php(78): CodeIgniter\Debug\Exceptions->errorHandler(2, 'Undefined array key "product_id"', 'C:\\laragon\\www\\lab3\\app\\Views\\admin.php', 78)
 2 SYSTEMPATH\View\View.php(226): include('C:\\laragon\\www\\lab3\\app\\Views\\admin.php')
 3 SYSTEMPATH\View\View.php(229): CodeIgniter\View\View->CodeIgniter\View\{closure}()
 4 SYSTEMPATH\Common.php(1188): CodeIgniter\View\View->render('admin', [], true)
 5 APPPATH\Controllers\Home.php(37): view('admin', [...])
 6 SYSTEMPATH\CodeIgniter.php(919): App\Controllers\Home->admin()
 7 SYSTEMPATH\CodeIgniter.php(494): CodeIgniter\CodeIgniter->runController(Object(App\Controllers\Home))
 8 SYSTEMPATH\CodeIgniter.php(353): CodeIgniter\CodeIgniter->handleRequest(null, Object(Config\Cache), false)
 9 FCPATH\index.php(79): CodeIgniter\CodeIgniter->run()
10 SYSTEMPATH\Commands\Server\rewrite.php(47): require_once('C:\\laragon\\www\\lab3\\public\\index.php')
CRITICAL - 2023-10-01 10:13:34 --> Undefined array key "pimage"
in APPPATH\Views\admin.php on line 72.
 1 APPPATH\Views\admin.php(72): CodeIgniter\Debug\Exceptions->errorHandler(2, 'Undefined array key "pimage"', 'C:\\laragon\\www\\lab3\\app\\Views\\admin.php', 72)
 2 SYSTEMPATH\View\View.php(226): include('C:\\laragon\\www\\lab3\\app\\Views\\admin.php')
 3 SYSTEMPATH\View\View.php(229): CodeIgniter\View\View->CodeIgniter\View\{closure}()
 4 SYSTEMPATH\Common.php(1188): CodeIgniter\View\View->render('admin', [], true)
 5 APPPATH\Controllers\Home.php(37): view('admin', [...])
 6 SYSTEMPATH\CodeIgniter.php(919): App\Controllers\Home->admin()
 7 SYSTEMPATH\CodeIgniter.php(494): CodeIgniter\CodeIgniter->runController(Object(App\Controllers\Home))
 8 SYSTEMPATH\CodeIgniter.php(353): CodeIgniter\CodeIgniter->handleRequest(null, Object(Config\Cache), false)
 9 FCPATH\index.php(79): CodeIgniter\CodeIgniter->run()
10 SYSTEMPATH\Commands\Server\rewrite.php(47): require_once('C:\\laragon\\www\\lab3\\public\\index.php')
CRITICAL - 2023-10-01 10:32:34 --> Undefined array key "product_id"
in APPPATH\Controllers\Home.php on line 41.
 1 APPPATH\Controllers\Home.php(41): CodeIgniter\Debug\Exceptions->errorHandler(2, 'Undefined array key "product_id"', 'C:\\laragon\\www\\lab3\\app\\Controllers\\Home.php', 41)
 2 SYSTEMPATH\CodeIgniter.php(919): App\Controllers\Home->save()
 3 SYSTEMPATH\CodeIgniter.php(494): CodeIgniter\CodeIgniter->runController(Object(App\Controllers\Home))
 4 SYSTEMPATH\CodeIgniter.php(353): CodeIgniter\CodeIgniter->handleRequest(null, Object(Config\Cache), false)
 5 FCPATH\index.php(79): CodeIgniter\CodeIgniter->run()
 6 SYSTEMPATH\Commands\Server\rewrite.php(47): require_once('C:\\laragon\\www\\lab3\\public\\index.php')
ERROR - 2023-10-01 10:47:41 --> mysqli_sql_exception: Unknown column 'product_id' in 'where clause' in C:\laragon\www\lab3\system\Database\MySQLi\Connection.php:306
Stack trace:
#0 C:\laragon\www\lab3\system\Database\MySQLi\Connection.php(306): mysqli->query('SELECT *\nFROM `...', 0)
#1 C:\laragon\www\lab3\system\Database\BaseConnection.php(692): CodeIgniter\Database\MySQLi\Connection->execute('SELECT *\nFROM `...')
#2 C:\laragon\www\lab3\system\Database\BaseConnection.php(606): CodeIgniter\Database\BaseConnection->simpleQuery('SELECT *\nFROM `...')
#3 C:\laragon\www\lab3\system\Database\BaseBuilder.php(1615): CodeIgniter\Database\BaseConnection->query('SELECT *\nFROM `...', Array, false)
#4 C:\laragon\www\lab3\system\Model.php(264): CodeIgniter\Database\BaseBuilder->get()
#5 C:\laragon\www\lab3\system\BaseModel.php(662): CodeIgniter\Model->doFirst()
#6 C:\laragon\www\lab3\app\Controllers\Home.php(67): CodeIgniter\BaseModel->first()
#7 C:\laragon\www\lab3\system\CodeIgniter.php(919): App\Controllers\Home->edit('2')
#8 C:\laragon\www\lab3\system\CodeIgniter.php(494): CodeIgniter\CodeIgniter->runController(Object(App\Controllers\Home))
#9 C:\laragon\www\lab3\system\CodeIgniter.php(353): CodeIgniter\CodeIgniter->handleRequest(NULL, Object(Config\Cache), false)
#10 C:\laragon\www\lab3\public\index.php(79): CodeIgniter\CodeIgniter->run()
#11 C:\laragon\www\lab3\system\Commands\Server\rewrite.php(47): require_once('C:\\laragon\\www\\...')
#12 {main}
CRITICAL - 2023-10-01 10:47:41 --> Unknown column 'product_id' in 'where clause'
in SYSTEMPATH\Database\BaseConnection.php on line 646.
 1 SYSTEMPATH\Database\BaseBuilder.php(1615): CodeIgniter\Database\BaseConnection->query('SELECT *
FROM `products_tbl`
WHERE `product_id` = :product_id:
 LIMIT 1', [...], false)
 2 SYSTEMPATH\Model.php(264): CodeIgniter\Database\BaseBuilder->get()
 3 SYSTEMPATH\BaseModel.php(662): CodeIgniter\Model->doFirst()
 4 APPPATH\Controllers\Home.php(67): CodeIgniter\BaseModel->first()
 5 SYSTEMPATH\CodeIgniter.php(919): App\Controllers\Home->edit('2')
 6 SYSTEMPATH\CodeIgniter.php(494): CodeIgniter\CodeIgniter->runController(Object(App\Controllers\Home))
 7 SYSTEMPATH\CodeIgniter.php(353): CodeIgniter\CodeIgniter->handleRequest(null, Object(Config\Cache), false)
 8 FCPATH\index.php(79): CodeIgniter\CodeIgniter->run()
 9 SYSTEMPATH\Commands\Server\rewrite.php(47): require_once('C:\\laragon\\www\\lab3\\public\\index.php')
ERROR - 2023-10-01 11:41:14 --> mysqli_sql_exception: Unknown column 'product_id' in 'where clause' in C:\laragon\www\lab3\system\Database\MySQLi\Connection.php:306
Stack trace:
#0 C:\laragon\www\lab3\system\Database\MySQLi\Connection.php(306): mysqli->query('SELECT *\nFROM `...', 0)
#1 C:\laragon\www\lab3\system\Database\BaseConnection.php(692): CodeIgniter\Database\MySQLi\Connection->execute('SELECT *\nFROM `...')
#2 C:\laragon\www\lab3\system\Database\BaseConnection.php(606): CodeIgniter\Database\BaseConnection->simpleQuery('SELECT *\nFROM `...')
#3 C:\laragon\www\lab3\system\Database\BaseBuilder.php(1615): CodeIgniter\Database\BaseConnection->query('SELECT *\nFROM `...', Array, false)
#4 C:\laragon\www\lab3\system\Model.php(264): CodeIgniter\Database\BaseBuilder->get()
#5 C:\laragon\www\lab3\system\BaseModel.php(662): CodeIgniter\Model->doFirst()
#6 C:\laragon\www\lab3\app\Controllers\Home.php(67): CodeIgniter\BaseModel->first()
#7 C:\laragon\www\lab3\system\CodeIgniter.php(919): App\Controllers\Home->edit('10')
#8 C:\laragon\www\lab3\system\CodeIgniter.php(494): CodeIgniter\CodeIgniter->runController(Object(App\Controllers\Home))
#9 C:\laragon\www\lab3\system\CodeIgniter.php(353): CodeIgniter\CodeIgniter->handleRequest(NULL, Object(Config\Cache), false)
#10 C:\laragon\www\lab3\public\index.php(79): CodeIgniter\CodeIgniter->run()
#11 C:\laragon\www\lab3\system\Commands\Server\rewrite.php(47): require_once('C:\\laragon\\www\\...')
#12 {main}
CRITICAL - 2023-10-01 11:41:14 --> Unknown column 'product_id' in 'where clause'
in SYSTEMPATH\Database\BaseConnection.php on line 646.
 1 SYSTEMPATH\Database\BaseBuilder.php(1615): CodeIgniter\Database\BaseConnection->query('SELECT *
FROM `products_tbl`
WHERE `product_id` = :product_id:
 LIMIT 1', [...], false)
 2 SYSTEMPATH\Model.php(264): CodeIgniter\Database\BaseBuilder->get()
 3 SYSTEMPATH\BaseModel.php(662): CodeIgniter\Model->doFirst()
 4 APPPATH\Controllers\Home.php(67): CodeIgniter\BaseModel->first()
 5 SYSTEMPATH\CodeIgniter.php(919): App\Controllers\Home->edit('10')
 6 SYSTEMPATH\CodeIgniter.php(494): CodeIgniter\CodeIgniter->runController(Object(App\Controllers\Home))
 7 SYSTEMPATH\CodeIgniter.php(353): CodeIgniter\CodeIgniter->handleRequest(null, Object(Config\Cache), false)
 8 FCPATH\index.php(79): CodeIgniter\CodeIgniter->run()
 9 SYSTEMPATH\Commands\Server\rewrite.php(47): require_once('C:\\laragon\\www\\lab3\\public\\index.php')
